<?xml version="1.0" encoding="UTF-8"?>
<testsuites name="DDTTests" time="23" tests="3" failures="0" errors="0">
   <testsuite name="DDTTests" tests="3" failures="0" errors="0" time="23" timestamp="2018-10-29 14:58:14" hostname="max3q - 192.168.31.115" id="Test Suites/DDTTests">
      <properties>
         <property name="deviceName" value=""/>
         <property name="devicePlatform" value=""/>
         <property name="logFolder" value="D:\\KatalonStudioProjectWS\\TestUIProject10092018\\Reports\\DDTTests\\20181029_145812"/>
         <property name="logFiles" value="D:\\KatalonStudioProjectWS\\TestUIProject10092018\\Reports\\DDTTests\\20181029_145812\\execution0.log"/>
         <property name="attachments" value=""/>
         <property name="hostName" value="max3q - 192.168.31.115"/>
         <property name="os" value="Windows 10 64bit"/>
         <property name="katalonVersion" value="5.8.3.2"/>
         <property name="browser" value="Chrome 69.0.3497.100"/>
         <property name="hostAddress" value="192.168.31.115"/>
         <property name="sessionId" value="714e73bc47abd2fc6d551262dde6aeb7"/>
         <property name="seleniumVersion" value="3.7.1"/>
         <property name="proxyInformation" value="ProxyInformation{proxyOption=NO_PROXY, proxyServerType=HTTP, password=, proxyServerAddress=, proxyServerPort=0}"/>
         <property name="platform" value="Windows 10"/>
      </properties>
      <testcase name="Test Cases/LoginValidation/ValidatetheLogin DDF" classname="Test Cases/LoginValidation/ValidatetheLogin DDF" status="PASSED">
         <system-out><![CDATA[2018-10-29 14:58:14 - [TEST_CASE][PASSED] - Test Cases/LoginValidation/ValidatetheLogin DDF: Test Cases/LoginValidation/ValidatetheLogin DDF

2018-10-29 14:58:14 - [TEST_STEP][PASSED] - openBrowser: Browser is opened with url: 'http://demoaut.katalon.com/'

2018-10-29 14:58:18 - [MESSAGE][PASSED] - Browser is opened with url: 'http://demoaut.katalon.com/'

2018-10-29 14:58:18 - [TEST_STEP][PASSED] - click: Object: 'Object Repository/Page_CURA Healthcare Service/a_Make Appointment' is clicked on

2018-10-29 14:58:19 - [MESSAGE][PASSED] - Object: 'Object Repository/Page_CURA Healthcare Service/a_Make Appointment' is clicked on

2018-10-29 14:58:19 - [TEST_STEP][PASSED] - verifyElementPresent: Object 'Object Repository/Page_Login/p_Please login to make appoint' is present

2018-10-29 14:58:19 - [MESSAGE][PASSED] - Object 'Object Repository/Page_Login/p_Please login to make appoint' is present

2018-10-29 14:58:19 - [TEST_STEP][PASSED] - verifyTextPresent: Text 'Please login to make appointment.' is present on page 

2018-10-29 14:58:19 - [MESSAGE][PASSED] - Text 'Please login to make appointment.' is present on page 

2018-10-29 14:58:19 - [TEST_STEP][PASSED] - waitForElementPresent: Object 'Object Repository/Page_Login/h2_Login' is present

2018-10-29 14:58:19 - [MESSAGE][PASSED] - Object 'Object Repository/Page_Login/h2_Login' is present

2018-10-29 14:58:19 - [TEST_STEP][PASSED] - setText: Text 'User2' is set on object 'Object Repository/Page_Login/input_Username_username'

2018-10-29 14:58:19 - [MESSAGE][PASSED] - Text 'User2' is set on object 'Object Repository/Page_Login/input_Username_username'

2018-10-29 14:58:19 - [TEST_STEP][PASSED] - setText: Text 'Pass2' is set on object 'Object Repository/Page_Login/input_Password_password'

2018-10-29 14:58:19 - [MESSAGE][PASSED] - Text 'Pass2' is set on object 'Object Repository/Page_Login/input_Password_password'

2018-10-29 14:58:19 - [TEST_STEP][PASSED] - click: Object: 'Object Repository/Page_Login/button_Login' is clicked on

2018-10-29 14:58:20 - [MESSAGE][PASSED] - Object: 'Object Repository/Page_Login/button_Login' is clicked on

2018-10-29 14:58:20 - [TEST_STEP][PASSED] - verifyTextPresent: Text 'Login failed! Please ensure the username and password are valid.' is present on page 

2018-10-29 14:58:20 - [MESSAGE][PASSED] - Text 'Login failed! Please ensure the username and password are valid.' is present on page 

2018-10-29 14:58:20 - [TEST_STEP][PASSED] - delay: Delayed 2 second(s)

2018-10-29 14:58:22 - [MESSAGE][PASSED] - Delayed 2 second(s)

2018-10-29 14:58:22 - [TEST_STEP][PASSED] - closeBrowser: Browser is closed

2018-10-29 14:58:23 - [MESSAGE][PASSED] - Browser is closed]]></system-out>
         <system-err><![CDATA[]]></system-err>
      </testcase>
      <testcase name="Test Cases/LoginValidation/ValidatetheLogin DDF" classname="Test Cases/LoginValidation/ValidatetheLogin DDF" status="PASSED">
         <system-out><![CDATA[2018-10-29 14:58:23 - [TEST_CASE][PASSED] - Test Cases/LoginValidation/ValidatetheLogin DDF: Test Cases/LoginValidation/ValidatetheLogin DDF

2018-10-29 14:58:23 - [TEST_STEP][PASSED] - openBrowser: Browser is opened with url: 'http://demoaut.katalon.com/'

2018-10-29 14:58:26 - [MESSAGE][PASSED] - Browser is opened with url: 'http://demoaut.katalon.com/'

2018-10-29 14:58:26 - [TEST_STEP][PASSED] - click: Object: 'Object Repository/Page_CURA Healthcare Service/a_Make Appointment' is clicked on

2018-10-29 14:58:26 - [MESSAGE][PASSED] - Object: 'Object Repository/Page_CURA Healthcare Service/a_Make Appointment' is clicked on

2018-10-29 14:58:26 - [TEST_STEP][PASSED] - verifyElementPresent: Object 'Object Repository/Page_Login/p_Please login to make appoint' is present

2018-10-29 14:58:26 - [MESSAGE][PASSED] - Object 'Object Repository/Page_Login/p_Please login to make appoint' is present

2018-10-29 14:58:26 - [TEST_STEP][PASSED] - verifyTextPresent: Text 'Please login to make appointment.' is present on page 

2018-10-29 14:58:26 - [MESSAGE][PASSED] - Text 'Please login to make appointment.' is present on page 

2018-10-29 14:58:26 - [TEST_STEP][PASSED] - waitForElementPresent: Object 'Object Repository/Page_Login/h2_Login' is present

2018-10-29 14:58:26 - [MESSAGE][PASSED] - Object 'Object Repository/Page_Login/h2_Login' is present

2018-10-29 14:58:26 - [TEST_STEP][PASSED] - setText: Text 'User3' is set on object 'Object Repository/Page_Login/input_Username_username'

2018-10-29 14:58:27 - [MESSAGE][PASSED] - Text 'User3' is set on object 'Object Repository/Page_Login/input_Username_username'

2018-10-29 14:58:27 - [TEST_STEP][PASSED] - setText: Text 'Pass3' is set on object 'Object Repository/Page_Login/input_Password_password'

2018-10-29 14:58:27 - [MESSAGE][PASSED] - Text 'Pass3' is set on object 'Object Repository/Page_Login/input_Password_password'

2018-10-29 14:58:27 - [TEST_STEP][PASSED] - click: Object: 'Object Repository/Page_Login/button_Login' is clicked on

2018-10-29 14:58:27 - [MESSAGE][PASSED] - Object: 'Object Repository/Page_Login/button_Login' is clicked on

2018-10-29 14:58:27 - [TEST_STEP][PASSED] - verifyTextPresent: Text 'Login failed! Please ensure the username and password are valid.' is present on page 

2018-10-29 14:58:27 - [MESSAGE][PASSED] - Text 'Login failed! Please ensure the username and password are valid.' is present on page 

2018-10-29 14:58:27 - [TEST_STEP][PASSED] - delay: Delayed 2 second(s)

2018-10-29 14:58:29 - [MESSAGE][PASSED] - Delayed 2 second(s)

2018-10-29 14:58:29 - [TEST_STEP][PASSED] - closeBrowser: Browser is closed

2018-10-29 14:58:30 - [MESSAGE][PASSED] - Browser is closed]]></system-out>
         <system-err><![CDATA[]]></system-err>
      </testcase>
      <testcase name="Test Cases/LoginValidation/ValidatetheLogin DDF" classname="Test Cases/LoginValidation/ValidatetheLogin DDF" status="PASSED">
         <system-out><![CDATA[2018-10-29 14:58:30 - [TEST_CASE][PASSED] - Test Cases/LoginValidation/ValidatetheLogin DDF: Test Cases/LoginValidation/ValidatetheLogin DDF

2018-10-29 14:58:30 - [TEST_STEP][PASSED] - openBrowser: Browser is opened with url: 'http://demoaut.katalon.com/'

2018-10-29 14:58:33 - [MESSAGE][PASSED] - Browser is opened with url: 'http://demoaut.katalon.com/'

2018-10-29 14:58:33 - [TEST_STEP][PASSED] - click: Object: 'Object Repository/Page_CURA Healthcare Service/a_Make Appointment' is clicked on

2018-10-29 14:58:33 - [MESSAGE][PASSED] - Object: 'Object Repository/Page_CURA Healthcare Service/a_Make Appointment' is clicked on

2018-10-29 14:58:33 - [TEST_STEP][PASSED] - verifyElementPresent: Object 'Object Repository/Page_Login/p_Please login to make appoint' is present

2018-10-29 14:58:33 - [MESSAGE][PASSED] - Object 'Object Repository/Page_Login/p_Please login to make appoint' is present

2018-10-29 14:58:33 - [TEST_STEP][PASSED] - verifyTextPresent: Text 'Please login to make appointment.' is present on page 

2018-10-29 14:58:33 - [MESSAGE][PASSED] - Text 'Please login to make appointment.' is present on page 

2018-10-29 14:58:33 - [TEST_STEP][PASSED] - waitForElementPresent: Object 'Object Repository/Page_Login/h2_Login' is present

2018-10-29 14:58:34 - [MESSAGE][PASSED] - Object 'Object Repository/Page_Login/h2_Login' is present

2018-10-29 14:58:34 - [TEST_STEP][PASSED] - setText: Text 'User4' is set on object 'Object Repository/Page_Login/input_Username_username'

2018-10-29 14:58:34 - [MESSAGE][PASSED] - Text 'User4' is set on object 'Object Repository/Page_Login/input_Username_username'

2018-10-29 14:58:34 - [TEST_STEP][PASSED] - setText: Text 'Pass4' is set on object 'Object Repository/Page_Login/input_Password_password'

2018-10-29 14:58:34 - [MESSAGE][PASSED] - Text 'Pass4' is set on object 'Object Repository/Page_Login/input_Password_password'

2018-10-29 14:58:34 - [TEST_STEP][PASSED] - click: Object: 'Object Repository/Page_Login/button_Login' is clicked on

2018-10-29 14:58:34 - [MESSAGE][PASSED] - Object: 'Object Repository/Page_Login/button_Login' is clicked on

2018-10-29 14:58:34 - [TEST_STEP][PASSED] - verifyTextPresent: Text 'Login failed! Please ensure the username and password are valid.' is present on page 

2018-10-29 14:58:34 - [MESSAGE][PASSED] - Text 'Login failed! Please ensure the username and password are valid.' is present on page 

2018-10-29 14:58:34 - [TEST_STEP][PASSED] - delay: Delayed 2 second(s)

2018-10-29 14:58:36 - [MESSAGE][PASSED] - Delayed 2 second(s)

2018-10-29 14:58:36 - [TEST_STEP][PASSED] - closeBrowser: Browser is closed

2018-10-29 14:58:37 - [MESSAGE][PASSED] - Browser is closed]]></system-out>
         <system-err><![CDATA[]]></system-err>
      </testcase>
      <system-out><![CDATA[2018-10-29 14:58:14 - [TEST_SUITE][PASSED] - DDTTests: Test Cases/LoginValidation/ValidatetheLogin DDF]]></system-out>
      <system-err><![CDATA[]]></system-err>
   </testsuite>
</testsuites>
