<?xml version="1.0" encoding="UTF-8"?>
<testsuites name="SanityTest" time="17" tests="2" failures="0" errors="0">
   <testsuite name="SanityTest" tests="2" failures="0" errors="0" time="17" timestamp="2018-10-10 10:41:19" hostname="max3q - 192.168.31.115" id="Test Suites/SanityTest">
      <properties>
         <property name="deviceName" value=""/>
         <property name="devicePlatform" value=""/>
         <property name="logFolder" value="D:\\KatalonStudioProjectWS\\TestUIProject10092018\\Reports\\SanityTest\\20181010_104058"/>
         <property name="logFiles" value="D:\\KatalonStudioProjectWS\\TestUIProject10092018\\Reports\\SanityTest\\20181010_104058\\execution0.log"/>
         <property name="attachments" value=""/>
         <property name="hostName" value="max3q - 192.168.31.115"/>
         <property name="os" value="Windows 10 64bit"/>
         <property name="katalonVersion" value="5.7.1.1"/>
         <property name="browser" value="Firefox 62.0"/>
         <property name="hostAddress" value="192.168.31.115"/>
         <property name="sessionId" value="5ff6c889-b119-463b-82f0-5be6366defd9"/>
         <property name="seleniumVersion" value="3.7.1"/>
         <property name="proxyInformation" value="ProxyInformation{proxyOption=NO_PROXY, proxyServerType=HTTP, password=, proxyServerAddress=, proxyServerPort=0}"/>
         <property name="platform" value="Windows 10"/>
      </properties>
      <testcase name="Test Cases/ValidatetheLogin" classname="Test Cases/ValidatetheLogin" status="PASSED">
         <system-out><![CDATA[2018-10-10 10:41:19 - [TEST_CASE][PASSED] - Test Cases/ValidatetheLogin: Test Cases/ValidatetheLogin

2018-10-10 10:41:20 - [TEST_STEP][PASSED] - openBrowser: Browser is opened with url: 'http://demoaut.katalon.com/'

2018-10-10 10:41:27 - [MESSAGE][PASSED] - Browser is opened with url: 'http://demoaut.katalon.com/'

2018-10-10 10:41:27 - [TEST_STEP][PASSED] - click: Object: 'Object Repository/Page_CURA Healthcare Service/a_Make Appointment' is clicked on

2018-10-10 10:41:27 - [MESSAGE][PASSED] - Object: 'Object Repository/Page_CURA Healthcare Service/a_Make Appointment' is clicked on

2018-10-10 10:41:27 - [TEST_STEP][PASSED] - verifyElementPresent: Object 'Object Repository/Page_Login/p_Please login to make appoint' is present

2018-10-10 10:41:27 - [MESSAGE][PASSED] - Object 'Object Repository/Page_Login/p_Please login to make appoint' is present

2018-10-10 10:41:27 - [TEST_STEP][PASSED] - verifyTextPresent: Text 'Please login to make appointment.' is present on page 

2018-10-10 10:41:28 - [MESSAGE][PASSED] - Text 'Please login to make appointment.' is present on page 

2018-10-10 10:41:28 - [TEST_STEP][PASSED] - waitForElementPresent: Object 'Object Repository/Page_Login/h2_Login' is present

2018-10-10 10:41:28 - [MESSAGE][PASSED] - Object 'Object Repository/Page_Login/h2_Login' is present

2018-10-10 10:41:28 - [TEST_STEP][PASSED] - setText: Text 'Shanker' is set on object 'Object Repository/Page_Login/input_Username_username'

2018-10-10 10:41:28 - [MESSAGE][PASSED] - Text 'Shanker' is set on object 'Object Repository/Page_Login/input_Username_username'

2018-10-10 10:41:28 - [TEST_STEP][PASSED] - setText: Text 'Password@@' is set on object 'Object Repository/Page_Login/input_Password_password'

2018-10-10 10:41:28 - [MESSAGE][PASSED] - Text 'Password@@' is set on object 'Object Repository/Page_Login/input_Password_password'

2018-10-10 10:41:28 - [TEST_STEP][PASSED] - click: Object: 'Object Repository/Page_Login/button_Login' is clicked on

2018-10-10 10:41:28 - [MESSAGE][PASSED] - Object: 'Object Repository/Page_Login/button_Login' is clicked on

2018-10-10 10:41:28 - [TEST_STEP][PASSED] - closeBrowser: Browser is closed

2018-10-10 10:41:29 - [MESSAGE][PASSED] - Browser is closed]]></system-out>
         <system-err><![CDATA[]]></system-err>
      </testcase>
      <testcase name="Test Cases/ValidateLoginWithInvalidData" classname="Test Cases/ValidateLoginWithInvalidData" status="PASSED">
         <system-out><![CDATA[2018-10-10 10:41:29 - [TEST_CASE][PASSED] - Test Cases/ValidateLoginWithInvalidData: Test Cases/ValidateLoginWithInvalidData

2018-10-10 10:41:29 - [TEST_STEP][PASSED] - openBrowser: Browser is opened with url: 'http://demoaut.katalon.com/'

2018-10-10 10:41:35 - [MESSAGE][PASSED] - Browser is opened with url: 'http://demoaut.katalon.com/'

2018-10-10 10:41:35 - [TEST_STEP][PASSED] - click: Object: 'Object Repository/Page_CURA Healthcare Service/a_Make Appointment' is clicked on

2018-10-10 10:41:35 - [MESSAGE][PASSED] - Object: 'Object Repository/Page_CURA Healthcare Service/a_Make Appointment' is clicked on

2018-10-10 10:41:35 - [TEST_STEP][PASSED] - verifyElementPresent: Object 'Object Repository/Page_Login/p_Please login to make appoint' is present

2018-10-10 10:41:35 - [MESSAGE][PASSED] - Object 'Object Repository/Page_Login/p_Please login to make appoint' is present

2018-10-10 10:41:35 - [TEST_STEP][PASSED] - verifyTextPresent: Text 'Please login to make appointment.' is present on page 

2018-10-10 10:41:35 - [MESSAGE][PASSED] - Text 'Please login to make appointment.' is present on page 

2018-10-10 10:41:35 - [TEST_STEP][PASSED] - waitForElementPresent: Object 'Object Repository/Page_Login/h2_Login' is present

2018-10-10 10:41:35 - [MESSAGE][PASSED] - Object 'Object Repository/Page_Login/h2_Login' is present

2018-10-10 10:41:35 - [TEST_STEP][PASSED] - setText: Text 'Shanker' is set on object 'Object Repository/Page_Login/input_Username_username'

2018-10-10 10:41:35 - [MESSAGE][PASSED] - Text 'Shanker' is set on object 'Object Repository/Page_Login/input_Username_username'

2018-10-10 10:41:35 - [TEST_STEP][PASSED] - setText: Text 'Password@@' is set on object 'Object Repository/Page_Login/input_Password_password'

2018-10-10 10:41:35 - [MESSAGE][PASSED] - Text 'Password@@' is set on object 'Object Repository/Page_Login/input_Password_password'

2018-10-10 10:41:35 - [TEST_STEP][PASSED] - click: Object: 'Object Repository/Page_Login/button_Login' is clicked on

2018-10-10 10:41:36 - [MESSAGE][PASSED] - Object: 'Object Repository/Page_Login/button_Login' is clicked on

2018-10-10 10:41:36 - [TEST_STEP][PASSED] - verifyTextPresent: Text 'Login failed! Please ensure the username and password are valid.' is present on page 

2018-10-10 10:41:36 - [MESSAGE][PASSED] - Text 'Login failed! Please ensure the username and password are valid.' is present on page 

2018-10-10 10:41:36 - [TEST_STEP][PASSED] - Statement - actualMessage = com.kms.katalon.core.webui.keyword.WebUiBuiltInKeywords.getText(com.kms.katalon.core.testobject.ObjectRepository.findTestObject(Object Repository/Page_Login/p_Login failed Please ensure)): Text of object 'Object Repository/Page_Login/p_Login failed Please ensure' is: 'Login failed! Please ensure the username and password are valid.'

2018-10-10 10:41:36 - [MESSAGE][PASSED] - Text of object 'Object Repository/Page_Login/p_Login failed Please ensure' is: 'Login failed! Please ensure the username and password are valid.'

2018-10-10 10:41:36 - [TEST_STEP][PASSED] - Statement - expMessage = "Login failed! Please ensure the username and password are valid.": null

2018-10-10 10:41:36 - [TEST_STEP][PASSED] - Statement - If (expMessage.equalsIgnoreCase(actualMessage)): null

2018-10-10 10:41:36 - [TEST_STEP][PASSED] - Statement - println("Test is passed"): null]]></system-out>
         <system-err><![CDATA[]]></system-err>
      </testcase>
      <system-out><![CDATA[2018-10-10 10:41:19 - [TEST_SUITE][PASSED] - SanityTest: Test Cases/ValidateLoginWithInvalidData]]></system-out>
      <system-err><![CDATA[]]></system-err>
   </testsuite>
</testsuites>
